[INFO] Scanning for projects...
[INFO] 
[INFO] ----------------------< com.library:api-gateway >-----------------------
[INFO] Building API Gateway 1.0.0
[INFO]   from pom.xml
[INFO] --------------------------------[ jar ]---------------------------------
[INFO] 
[INFO] >>> spring-boot:3.2.0:run (default-cli) > test-compile @ api-gateway >>>
[INFO] 
[INFO] --- resources:3.3.1:resources (default-resources) @ api-gateway ---
[INFO] Copying 1 resource from src/main/resources to target/classes
[INFO] Copying 0 resource from src/main/resources to target/classes
[INFO] 
[INFO] --- compiler:3.11.0:compile (default-compile) @ api-gateway ---
[INFO] Nothing to compile - all classes are up to date
[INFO] 
[INFO] --- resources:3.3.1:testResources (default-testResources) @ api-gateway ---
[INFO] skip non existing resourceDirectory /Users/nehalmr/Desktop/Library-Management-System/api-gateway/src/test/resources
[INFO] 
[INFO] --- compiler:3.11.0:testCompile (default-testCompile) @ api-gateway ---
[INFO] No sources to compile
[INFO] 
[INFO] <<< spring-boot:3.2.0:run (default-cli) < test-compile @ api-gateway <<<
[INFO] 
[INFO] 
[INFO] --- spring-boot:3.2.0:run (default-cli) @ api-gateway ---
[INFO] Attaching agents: []

  .   ____          _            __ _ _
 /\\ / ___'_ __ _ _(_)_ __  __ _ \ \ \ \
( ( )\___ | '_ | '_| | '_ \/ _` | \ \ \ \
 \\/  ___)| |_)| | | | | || (_| |  ) ) ) )
  '  |____| .__|_| |_|_| |_\__, | / / / /
 =========|_|==============|___/=/_/_/_/
 :: Spring Boot ::                (v3.2.0)

2025-07-03 00:02:06 - Starting ApiGatewayApplication using Java 21.0.7 with PID 21336 (/Users/nehalmr/Desktop/Library-Management-System/api-gateway/target/classes started by nehalmr in /Users/nehalmr/Desktop/Library-Management-System/api-gateway)
2025-07-03 00:02:06 - No active profile set, falling back to 1 default profile: "default"
2025-07-03 00:02:07 - BeanFactory id=438a728b-7c43-3c86-a3e5-30ca56727430
2025-07-03 00:02:07 - Bean 'org.springframework.cloud.client.loadbalancer.LoadBalancerAutoConfiguration$LoadBalancerInterceptorConfig' of type [org.springframework.cloud.client.loadbalancer.LoadBalancerAutoConfiguration$LoadBalancerInterceptorConfig] is not eligible for getting processed by all BeanPostProcessors (for example: not eligible for auto-proxying). The currently created BeanPostProcessor [lbRestClientPostProcessor] is declared through a non-static factory method on that class; consider declaring it as static instead.
2025-07-03 00:02:07 - Bean 'org.springframework.cloud.loadbalancer.config.BlockingLoadBalancerClientAutoConfiguration' of type [org.springframework.cloud.loadbalancer.config.BlockingLoadBalancerClientAutoConfiguration] is not eligible for getting processed by all BeanPostProcessors (for example: not eligible for auto-proxying). Is this bean getting eagerly injected into a currently created BeanPostProcessor [lbRestClientPostProcessor]? Check the corresponding BeanPostProcessor declaration and its dependencies.
2025-07-03 00:02:07 - Bean 'org.springframework.cloud.loadbalancer.config.LoadBalancerAutoConfiguration' of type [org.springframework.cloud.loadbalancer.config.LoadBalancerAutoConfiguration] is not eligible for getting processed by all BeanPostProcessors (for example: not eligible for auto-proxying). Is this bean getting eagerly injected into a currently created BeanPostProcessor [lbRestClientPostProcessor]? Check the corresponding BeanPostProcessor declaration and its dependencies.
2025-07-03 00:02:07 - Bean 'org.springframework.cloud.commons.config.CommonsConfigAutoConfiguration' of type [org.springframework.cloud.commons.config.CommonsConfigAutoConfiguration] is not eligible for getting processed by all BeanPostProcessors (for example: not eligible for auto-proxying). Is this bean getting eagerly injected into a currently created BeanPostProcessor [lbRestClientPostProcessor]? Check the corresponding BeanPostProcessor declaration and its dependencies.
2025-07-03 00:02:07 - Bean 'org.springframework.cloud.client.loadbalancer.LoadBalancerDefaultMappingsProviderAutoConfiguration' of type [org.springframework.cloud.client.loadbalancer.LoadBalancerDefaultMappingsProviderAutoConfiguration] is not eligible for getting processed by all BeanPostProcessors (for example: not eligible for auto-proxying). Is this bean getting eagerly injected into a currently created BeanPostProcessor [lbRestClientPostProcessor]? Check the corresponding BeanPostProcessor declaration and its dependencies.
2025-07-03 00:02:07 - Bean 'loadBalancerClientsDefaultsMappingsProvider' of type [org.springframework.cloud.client.loadbalancer.LoadBalancerDefaultMappingsProviderAutoConfiguration$$Lambda/0x000000700139f1a8] is not eligible for getting processed by all BeanPostProcessors (for example: not eligible for auto-proxying). Is this bean getting eagerly injected into a currently created BeanPostProcessor [lbRestClientPostProcessor]? Check the corresponding BeanPostProcessor declaration and its dependencies.
2025-07-03 00:02:07 - Bean 'defaultsBindHandlerAdvisor' of type [org.springframework.cloud.commons.config.DefaultsBindHandlerAdvisor] is not eligible for getting processed by all BeanPostProcessors (for example: not eligible for auto-proxying). Is this bean getting eagerly injected into a currently created BeanPostProcessor [lbRestClientPostProcessor]? Check the corresponding BeanPostProcessor declaration and its dependencies.
2025-07-03 00:02:07 - Bean 'spring.cloud.loadbalancer-org.springframework.cloud.client.loadbalancer.LoadBalancerClientsProperties' of type [org.springframework.cloud.client.loadbalancer.LoadBalancerClientsProperties] is not eligible for getting processed by all BeanPostProcessors (for example: not eligible for auto-proxying). Is this bean getting eagerly injected into a currently created BeanPostProcessor [lbRestClientPostProcessor]? Check the corresponding BeanPostProcessor declaration and its dependencies.
2025-07-03 00:02:07 - Bean 'default.org.springframework.cloud.loadbalancer.config.LoadBalancerAutoConfiguration.LoadBalancerClientSpecification' of type [org.springframework.cloud.loadbalancer.annotation.LoadBalancerClientSpecification] is not eligible for getting processed by all BeanPostProcessors (for example: not eligible for auto-proxying). Is this bean getting eagerly injected into a currently created BeanPostProcessor [lbRestClientPostProcessor]? Check the corresponding BeanPostProcessor declaration and its dependencies.
2025-07-03 00:02:07 - Bean 'default.org.springframework.cloud.loadbalancer.config.BlockingLoadBalancerClientAutoConfiguration.LoadBalancerClientSpecification' of type [org.springframework.cloud.loadbalancer.annotation.LoadBalancerClientSpecification] is not eligible for getting processed by all BeanPostProcessors (for example: not eligible for auto-proxying). Is this bean getting eagerly injected into a currently created BeanPostProcessor [lbRestClientPostProcessor]? Check the corresponding BeanPostProcessor declaration and its dependencies.
2025-07-03 00:02:07 - Bean 'default.org.springframework.cloud.netflix.eureka.loadbalancer.LoadBalancerEurekaAutoConfiguration.LoadBalancerClientSpecification' of type [org.springframework.cloud.loadbalancer.annotation.LoadBalancerClientSpecification] is not eligible for getting processed by all BeanPostProcessors (for example: not eligible for auto-proxying). Is this bean getting eagerly injected into a currently created BeanPostProcessor [lbRestClientPostProcessor]? Check the corresponding BeanPostProcessor declaration and its dependencies.
2025-07-03 00:02:07 - Bean 'loadBalancerClientFactory' of type [org.springframework.cloud.loadbalancer.support.LoadBalancerClientFactory] is not eligible for getting processed by all BeanPostProcessors (for example: not eligible for auto-proxying). Is this bean getting eagerly injected into a currently created BeanPostProcessor [lbRestClientPostProcessor]? Check the corresponding BeanPostProcessor declaration and its dependencies.
2025-07-03 00:02:07 - Bean 'blockingLoadBalancerClient' of type [org.springframework.cloud.loadbalancer.blocking.client.BlockingLoadBalancerClient] is not eligible for getting processed by all BeanPostProcessors (for example: not eligible for auto-proxying). Is this bean getting eagerly injected into a currently created BeanPostProcessor [lbRestClientPostProcessor]? Check the corresponding BeanPostProcessor declaration and its dependencies.
2025-07-03 00:02:07 - Bean 'loadBalancerServiceInstanceCookieTransformer' of type [org.springframework.cloud.loadbalancer.core.LoadBalancerServiceInstanceCookieTransformer] is not eligible for getting processed by all BeanPostProcessors (for example: not eligible for auto-proxying). Is this bean getting eagerly injected into a currently created BeanPostProcessor [lbRestClientPostProcessor]? Check the corresponding BeanPostProcessor declaration and its dependencies.
2025-07-03 00:02:07 - Bean 'xForwarderHeadersTransformer' of type [org.springframework.cloud.loadbalancer.blocking.XForwardedHeadersTransformer] is not eligible for getting processed by all BeanPostProcessors (for example: not eligible for auto-proxying). Is this bean getting eagerly injected into a currently created BeanPostProcessor [lbRestClientPostProcessor]? Check the corresponding BeanPostProcessor declaration and its dependencies.
2025-07-03 00:02:07 - Bean 'org.springframework.cloud.client.loadbalancer.LoadBalancerAutoConfiguration' of type [org.springframework.cloud.client.loadbalancer.LoadBalancerAutoConfiguration] is not eligible for getting processed by all BeanPostProcessors (for example: not eligible for auto-proxying). Is this bean getting eagerly injected into a currently created BeanPostProcessor [lbRestClientPostProcessor]? Check the corresponding BeanPostProcessor declaration and its dependencies.
2025-07-03 00:02:07 - Bean 'loadBalancerRequestFactory' of type [org.springframework.cloud.client.loadbalancer.LoadBalancerRequestFactory] is not eligible for getting processed by all BeanPostProcessors (for example: not eligible for auto-proxying). Is this bean getting eagerly injected into a currently created BeanPostProcessor [lbRestClientPostProcessor]? Check the corresponding BeanPostProcessor declaration and its dependencies.
2025-07-03 00:02:07 - Bean 'loadBalancerInterceptor' of type [org.springframework.cloud.client.loadbalancer.LoadBalancerInterceptor] is not eligible for getting processed by all BeanPostProcessors (for example: not eligible for auto-proxying). Is this bean getting eagerly injected into a currently created BeanPostProcessor [lbRestClientPostProcessor]? Check the corresponding BeanPostProcessor declaration and its dependencies.
2025-07-03 00:02:07 - Bean 'org.springframework.cloud.client.loadbalancer.reactive.LoadBalancerBeanPostProcessorAutoConfiguration' of type [org.springframework.cloud.client.loadbalancer.reactive.LoadBalancerBeanPostProcessorAutoConfiguration] is not eligible for getting processed by all BeanPostProcessors (for example: not eligible for auto-proxying). The currently created BeanPostProcessor [loadBalancerWebClientBuilderBeanPostProcessor] is declared through a non-static factory method on that class; consider declaring it as static instead.
2025-07-03 00:02:07 - Bean 'org.springframework.cloud.client.loadbalancer.reactive.LoadBalancerBeanPostProcessorAutoConfiguration$ReactorDeferringLoadBalancerFilterConfig' of type [org.springframework.cloud.client.loadbalancer.reactive.LoadBalancerBeanPostProcessorAutoConfiguration$ReactorDeferringLoadBalancerFilterConfig] is not eligible for getting processed by all BeanPostProcessors (for example: not eligible for auto-proxying). Is this bean getting eagerly injected into a currently created BeanPostProcessor [loadBalancerWebClientBuilderBeanPostProcessor]? Check the corresponding BeanPostProcessor declaration and its dependencies.
2025-07-03 00:02:07 - Bean 'reactorDeferringLoadBalancerExchangeFilterFunction' of type [org.springframework.cloud.client.loadbalancer.reactive.DeferringLoadBalancerExchangeFilterFunction] is not eligible for getting processed by all BeanPostProcessors (for example: not eligible for auto-proxying). Is this bean getting eagerly injected into a currently created BeanPostProcessor [loadBalancerWebClientBuilderBeanPostProcessor]? Check the corresponding BeanPostProcessor declaration and its dependencies.
2025-07-03 00:02:07 - Routes supplied from Gateway Properties: [RouteDefinition{id='book-service', predicates=[PredicateDefinition{name='Path', args={_genkey_0=/api/books/**}}], filters=[], uri=lb://book-service, order=0, metadata={}}, RouteDefinition{id='member-service', predicates=[PredicateDefinition{name='Path', args={_genkey_0=/api/members/**}}], filters=[], uri=lb://member-service, order=0, metadata={}}, RouteDefinition{id='transaction-service', predicates=[PredicateDefinition{name='Path', args={_genkey_0=/api/transactions/**}}], filters=[], uri=lb://transaction-service, order=0, metadata={}}, RouteDefinition{id='fine-service', predicates=[PredicateDefinition{name='Path', args={_genkey_0=/api/fines/**}}], filters=[], uri=lb://fine-service, order=0, metadata={}}, RouteDefinition{id='notification-service', predicates=[PredicateDefinition{name='Path', args={_genkey_0=/api/notifications/**}}], filters=[], uri=lb://notification-service, order=0, metadata={}}]
2025-07-03 00:02:07 - 

Using generated security password: e2ab4b4b-6a19-4079-8533-05879af2626c

2025-07-03 00:02:07 - Loaded RoutePredicateFactory [After]
2025-07-03 00:02:07 - Loaded RoutePredicateFactory [Before]
2025-07-03 00:02:07 - Loaded RoutePredicateFactory [Between]
2025-07-03 00:02:07 - Loaded RoutePredicateFactory [Cookie]
2025-07-03 00:02:07 - Loaded RoutePredicateFactory [Header]
2025-07-03 00:02:07 - Loaded RoutePredicateFactory [Host]
2025-07-03 00:02:07 - Loaded RoutePredicateFactory [Method]
2025-07-03 00:02:07 - Loaded RoutePredicateFactory [Path]
2025-07-03 00:02:07 - Loaded RoutePredicateFactory [Query]
2025-07-03 00:02:07 - Loaded RoutePredicateFactory [ReadBody]
2025-07-03 00:02:07 - Loaded RoutePredicateFactory [RemoteAddr]
2025-07-03 00:02:07 - Loaded RoutePredicateFactory [XForwardedRemoteAddr]
2025-07-03 00:02:07 - Loaded RoutePredicateFactory [Weight]
2025-07-03 00:02:07 - Loaded RoutePredicateFactory [CloudFoundryRouteService]
2025-07-03 00:02:08 - Exposing 2 endpoint(s) beneath base path '/actuator'
2025-07-03 00:02:08 - Eureka HTTP Client uses RestTemplate.
2025-07-03 00:02:08 - Spring Cloud LoadBalancer is currently working with the default cache. While this cache implementation is useful for development and tests, it's recommended to use Caffeine cache in production.You can switch to using Caffeine cache, by adding it and org.springframework.cache.caffeine.CaffeineCacheManager to the classpath.
2025-07-03 00:02:08 - Setting initial instance status as: STARTING
2025-07-03 00:02:08 - Initializing Eureka in region us-east-1
2025-07-03 00:02:08 - Resolving eureka endpoints via configuration
2025-07-03 00:02:08 - Disable delta property : false
2025-07-03 00:02:08 - Single vip registry refresh property : null
2025-07-03 00:02:08 - Force full registry fetch : false
2025-07-03 00:02:08 - Application is null : false
2025-07-03 00:02:08 - Registered Applications size is zero : true
2025-07-03 00:02:08 - Application version is -1: true
2025-07-03 00:02:08 - Getting all instance registry info from the eureka server
2025-07-03 00:02:08 - The response status is 200
2025-07-03 00:02:08 - Starting heartbeat executor: renew interval is: 10
2025-07-03 00:02:08 - InstanceInfoReplicator onDemand update allowed rate per min is 4
2025-07-03 00:02:08 - Discovery Client initialized at timestamp 1751481128927 with initial instances count: 0
2025-07-03 00:02:08 - Registering application API-GATEWAY with eureka with status UP
2025-07-03 00:02:08 - Saw local status change event StatusChangeEvent [timestamp=1751481128928, current=UP, previous=STARTING]
2025-07-03 00:02:08 - DiscoveryClient_API-GATEWAY/192.168.1.101:api-gateway:8080: registering service...
2025-07-03 00:02:08 - RouteDefinition book-service applying {_genkey_0=/api/books/**} to Path
2025-07-03 00:02:08 - RouteDefinition book-service applying filter {_genkey_0=Access-Control-Allow-Credentials Access-Control-Allow-Origin} to DedupeResponseHeader
2025-07-03 00:02:08 - RouteDefinition matched: book-service
2025-07-03 00:02:08 - RouteDefinition member-service applying {_genkey_0=/api/members/**} to Path
2025-07-03 00:02:08 - RouteDefinition member-service applying filter {_genkey_0=Access-Control-Allow-Credentials Access-Control-Allow-Origin} to DedupeResponseHeader
2025-07-03 00:02:08 - RouteDefinition matched: member-service
2025-07-03 00:02:08 - RouteDefinition transaction-service applying {_genkey_0=/api/transactions/**} to Path
2025-07-03 00:02:08 - RouteDefinition transaction-service applying filter {_genkey_0=Access-Control-Allow-Credentials Access-Control-Allow-Origin} to DedupeResponseHeader
2025-07-03 00:02:08 - RouteDefinition matched: transaction-service
2025-07-03 00:02:08 - RouteDefinition fine-service applying {_genkey_0=/api/fines/**} to Path
2025-07-03 00:02:08 - RouteDefinition fine-service applying filter {_genkey_0=Access-Control-Allow-Credentials Access-Control-Allow-Origin} to DedupeResponseHeader
2025-07-03 00:02:08 - RouteDefinition matched: fine-service
2025-07-03 00:02:08 - RouteDefinition notification-service applying {_genkey_0=/api/notifications/**} to Path
2025-07-03 00:02:08 - RouteDefinition notification-service applying filter {_genkey_0=Access-Control-Allow-Credentials Access-Control-Allow-Origin} to DedupeResponseHeader
2025-07-03 00:02:08 - RouteDefinition matched: notification-service
2025-07-03 00:02:08 - New routes count: 5
2025-07-03 00:02:09 - Netty started on port 8080
2025-07-03 00:02:09 - Updating port to 8080
2025-07-03 00:02:09 - RouteDefinition book-service applying {_genkey_0=/api/books/**} to Path
2025-07-03 00:02:09 - RouteDefinition book-service applying filter {_genkey_0=Access-Control-Allow-Credentials Access-Control-Allow-Origin} to DedupeResponseHeader
2025-07-03 00:02:09 - RouteDefinition matched: book-service
2025-07-03 00:02:09 - RouteDefinition member-service applying {_genkey_0=/api/members/**} to Path
2025-07-03 00:02:09 - RouteDefinition member-service applying filter {_genkey_0=Access-Control-Allow-Credentials Access-Control-Allow-Origin} to DedupeResponseHeader
2025-07-03 00:02:09 - RouteDefinition matched: member-service
2025-07-03 00:02:09 - RouteDefinition transaction-service applying {_genkey_0=/api/transactions/**} to Path
2025-07-03 00:02:09 - RouteDefinition transaction-service applying filter {_genkey_0=Access-Control-Allow-Credentials Access-Control-Allow-Origin} to DedupeResponseHeader
2025-07-03 00:02:09 - RouteDefinition matched: transaction-service
2025-07-03 00:02:09 - RouteDefinition fine-service applying {_genkey_0=/api/fines/**} to Path
2025-07-03 00:02:09 - RouteDefinition fine-service applying filter {_genkey_0=Access-Control-Allow-Credentials Access-Control-Allow-Origin} to DedupeResponseHeader
2025-07-03 00:02:09 - RouteDefinition matched: fine-service
2025-07-03 00:02:09 - RouteDefinition notification-service applying {_genkey_0=/api/notifications/**} to Path
2025-07-03 00:02:09 - RouteDefinition notification-service applying filter {_genkey_0=Access-Control-Allow-Credentials Access-Control-Allow-Origin} to DedupeResponseHeader
2025-07-03 00:02:09 - RouteDefinition matched: notification-service
2025-07-03 00:02:09 - New routes count: 5
2025-07-03 00:02:09 - Started ApiGatewayApplication in 2.728 seconds (process running for 2.944)
2025-07-03 00:02:09 - DiscoveryClient_API-GATEWAY/192.168.1.101:api-gateway:8080 - registration status: 204
2025-07-03 00:02:38 - Disable delta property : false
2025-07-03 00:02:38 - Single vip registry refresh property : null
2025-07-03 00:02:38 - Force full registry fetch : false
2025-07-03 00:02:38 - Application is null : false
2025-07-03 00:02:38 - Registered Applications size is zero : true
2025-07-03 00:02:38 - Application version is -1: false
2025-07-03 00:02:38 - Getting all instance registry info from the eureka server
2025-07-03 00:02:39 - The response status is 200
2025-07-03 00:02:39 - RouteDefinition book-service applying {_genkey_0=/api/books/**} to Path
2025-07-03 00:02:39 - RouteDefinition book-service applying filter {_genkey_0=Access-Control-Allow-Credentials Access-Control-Allow-Origin} to DedupeResponseHeader
2025-07-03 00:02:39 - RouteDefinition matched: book-service
2025-07-03 00:02:39 - RouteDefinition member-service applying {_genkey_0=/api/members/**} to Path
2025-07-03 00:02:39 - RouteDefinition member-service applying filter {_genkey_0=Access-Control-Allow-Credentials Access-Control-Allow-Origin} to DedupeResponseHeader
2025-07-03 00:02:39 - RouteDefinition matched: member-service
2025-07-03 00:02:39 - RouteDefinition transaction-service applying {_genkey_0=/api/transactions/**} to Path
2025-07-03 00:02:39 - RouteDefinition transaction-service applying filter {_genkey_0=Access-Control-Allow-Credentials Access-Control-Allow-Origin} to DedupeResponseHeader
2025-07-03 00:02:39 - RouteDefinition matched: transaction-service
2025-07-03 00:02:39 - RouteDefinition fine-service applying {_genkey_0=/api/fines/**} to Path
2025-07-03 00:02:39 - RouteDefinition fine-service applying filter {_genkey_0=Access-Control-Allow-Credentials Access-Control-Allow-Origin} to DedupeResponseHeader
2025-07-03 00:02:39 - RouteDefinition matched: fine-service
2025-07-03 00:02:39 - RouteDefinition notification-service applying {_genkey_0=/api/notifications/**} to Path
2025-07-03 00:02:39 - RouteDefinition notification-service applying filter {_genkey_0=Access-Control-Allow-Credentials Access-Control-Allow-Origin} to DedupeResponseHeader
2025-07-03 00:02:39 - RouteDefinition matched: notification-service
2025-07-03 00:02:39 - New routes count: 5
2025-07-03 00:03:09 - RouteDefinition book-service applying {_genkey_0=/api/books/**} to Path
2025-07-03 00:03:09 - RouteDefinition book-service applying filter {_genkey_0=Access-Control-Allow-Credentials Access-Control-Allow-Origin} to DedupeResponseHeader
2025-07-03 00:03:09 - RouteDefinition matched: book-service
2025-07-03 00:03:09 - RouteDefinition member-service applying {_genkey_0=/api/members/**} to Path
2025-07-03 00:03:09 - RouteDefinition member-service applying filter {_genkey_0=Access-Control-Allow-Credentials Access-Control-Allow-Origin} to DedupeResponseHeader
2025-07-03 00:03:09 - RouteDefinition matched: member-service
2025-07-03 00:03:09 - RouteDefinition transaction-service applying {_genkey_0=/api/transactions/**} to Path
2025-07-03 00:03:09 - RouteDefinition transaction-service applying filter {_genkey_0=Access-Control-Allow-Credentials Access-Control-Allow-Origin} to DedupeResponseHeader
2025-07-03 00:03:09 - RouteDefinition matched: transaction-service
2025-07-03 00:03:09 - RouteDefinition fine-service applying {_genkey_0=/api/fines/**} to Path
2025-07-03 00:03:09 - RouteDefinition fine-service applying filter {_genkey_0=Access-Control-Allow-Credentials Access-Control-Allow-Origin} to DedupeResponseHeader
2025-07-03 00:03:09 - RouteDefinition matched: fine-service
2025-07-03 00:03:09 - RouteDefinition notification-service applying {_genkey_0=/api/notifications/**} to Path
2025-07-03 00:03:09 - RouteDefinition notification-service applying filter {_genkey_0=Access-Control-Allow-Credentials Access-Control-Allow-Origin} to DedupeResponseHeader
2025-07-03 00:03:09 - RouteDefinition matched: notification-service
2025-07-03 00:03:09 - New routes count: 5
2025-07-03 00:03:39 - RouteDefinition book-service applying {_genkey_0=/api/books/**} to Path
2025-07-03 00:03:39 - RouteDefinition book-service applying filter {_genkey_0=Access-Control-Allow-Credentials Access-Control-Allow-Origin} to DedupeResponseHeader
2025-07-03 00:03:39 - RouteDefinition matched: book-service
2025-07-03 00:03:39 - RouteDefinition member-service applying {_genkey_0=/api/members/**} to Path
2025-07-03 00:03:39 - RouteDefinition member-service applying filter {_genkey_0=Access-Control-Allow-Credentials Access-Control-Allow-Origin} to DedupeResponseHeader
2025-07-03 00:03:39 - RouteDefinition matched: member-service
2025-07-03 00:03:39 - RouteDefinition transaction-service applying {_genkey_0=/api/transactions/**} to Path
2025-07-03 00:03:39 - RouteDefinition transaction-service applying filter {_genkey_0=Access-Control-Allow-Credentials Access-Control-Allow-Origin} to DedupeResponseHeader
2025-07-03 00:03:39 - RouteDefinition matched: transaction-service
2025-07-03 00:03:39 - RouteDefinition fine-service applying {_genkey_0=/api/fines/**} to Path
2025-07-03 00:03:39 - RouteDefinition fine-service applying filter {_genkey_0=Access-Control-Allow-Credentials Access-Control-Allow-Origin} to DedupeResponseHeader
2025-07-03 00:03:39 - RouteDefinition matched: fine-service
2025-07-03 00:03:39 - RouteDefinition notification-service applying {_genkey_0=/api/notifications/**} to Path
2025-07-03 00:03:39 - RouteDefinition notification-service applying filter {_genkey_0=Access-Control-Allow-Credentials Access-Control-Allow-Origin} to DedupeResponseHeader
2025-07-03 00:03:39 - RouteDefinition matched: notification-service
2025-07-03 00:03:39 - New routes count: 5
2025-07-03 00:04:09 - RouteDefinition book-service applying {_genkey_0=/api/books/**} to Path
2025-07-03 00:04:09 - RouteDefinition book-service applying filter {_genkey_0=Access-Control-Allow-Credentials Access-Control-Allow-Origin} to DedupeResponseHeader
2025-07-03 00:04:09 - RouteDefinition matched: book-service
2025-07-03 00:04:09 - RouteDefinition member-service applying {_genkey_0=/api/members/**} to Path
2025-07-03 00:04:09 - RouteDefinition member-service applying filter {_genkey_0=Access-Control-Allow-Credentials Access-Control-Allow-Origin} to DedupeResponseHeader
2025-07-03 00:04:09 - RouteDefinition matched: member-service
2025-07-03 00:04:09 - RouteDefinition transaction-service applying {_genkey_0=/api/transactions/**} to Path
2025-07-03 00:04:09 - RouteDefinition transaction-service applying filter {_genkey_0=Access-Control-Allow-Credentials Access-Control-Allow-Origin} to DedupeResponseHeader
2025-07-03 00:04:09 - RouteDefinition matched: transaction-service
2025-07-03 00:04:09 - RouteDefinition fine-service applying {_genkey_0=/api/fines/**} to Path
2025-07-03 00:04:09 - RouteDefinition fine-service applying filter {_genkey_0=Access-Control-Allow-Credentials Access-Control-Allow-Origin} to DedupeResponseHeader
2025-07-03 00:04:09 - RouteDefinition matched: fine-service
2025-07-03 00:04:09 - RouteDefinition notification-service applying {_genkey_0=/api/notifications/**} to Path
2025-07-03 00:04:09 - RouteDefinition notification-service applying filter {_genkey_0=Access-Control-Allow-Credentials Access-Control-Allow-Origin} to DedupeResponseHeader
2025-07-03 00:04:09 - RouteDefinition matched: notification-service
2025-07-03 00:04:09 - New routes count: 5
2025-07-03 00:04:33 - Trying to match using PathMatcherServerWebExchangeMatcher{pattern='/logout', method=POST}
2025-07-03 00:04:33 - Request 'GET /actuator/health' doesn't match 'POST /logout'
2025-07-03 00:04:33 - No matches found
2025-07-03 00:04:33 - Trying to match using PathMatcherServerWebExchangeMatcher{pattern='/actuator/**', method=null}
2025-07-03 00:04:33 - Checking match of request : '/actuator/health'; against '/actuator/**'
2025-07-03 00:04:33 - Trying to match using PathMatcherServerWebExchangeMatcher{pattern='/swagger-ui/**', method=null}
2025-07-03 00:04:33 - Request 'GET /actuator/health' doesn't match 'null /swagger-ui/**'
2025-07-03 00:04:33 - Trying to match using PathMatcherServerWebExchangeMatcher{pattern='/v3/api-docs/**', method=null}
2025-07-03 00:04:33 - Request 'GET /actuator/health' doesn't match 'null /v3/api-docs/**'
2025-07-03 00:04:33 - matched
2025-07-03 00:04:33 - Checking authorization on '/actuator/health' using org.springframework.security.config.web.server.ServerHttpSecurity$AuthorizeExchangeSpec$Access$$Lambda/0x0000007001520210@48578423
2025-07-03 00:04:33 - Authorization successful
2025-07-03 00:04:34 - No SecurityContext found in WebSession: 'org.springframework.web.server.session.InMemoryWebSessionStore$InMemoryWebSession@30edadc5'
2025-07-03 00:04:39 - RouteDefinition book-service applying {_genkey_0=/api/books/**} to Path
2025-07-03 00:04:39 - RouteDefinition book-service applying filter {_genkey_0=Access-Control-Allow-Credentials Access-Control-Allow-Origin} to DedupeResponseHeader
2025-07-03 00:04:39 - RouteDefinition matched: book-service
2025-07-03 00:04:39 - RouteDefinition member-service applying {_genkey_0=/api/members/**} to Path
2025-07-03 00:04:39 - RouteDefinition member-service applying filter {_genkey_0=Access-Control-Allow-Credentials Access-Control-Allow-Origin} to DedupeResponseHeader
2025-07-03 00:04:39 - RouteDefinition matched: member-service
2025-07-03 00:04:39 - RouteDefinition transaction-service applying {_genkey_0=/api/transactions/**} to Path
2025-07-03 00:04:39 - RouteDefinition transaction-service applying filter {_genkey_0=Access-Control-Allow-Credentials Access-Control-Allow-Origin} to DedupeResponseHeader
2025-07-03 00:04:39 - RouteDefinition matched: transaction-service
2025-07-03 00:04:39 - RouteDefinition fine-service applying {_genkey_0=/api/fines/**} to Path
2025-07-03 00:04:39 - RouteDefinition fine-service applying filter {_genkey_0=Access-Control-Allow-Credentials Access-Control-Allow-Origin} to DedupeResponseHeader
2025-07-03 00:04:39 - RouteDefinition matched: fine-service
2025-07-03 00:04:39 - RouteDefinition notification-service applying {_genkey_0=/api/notifications/**} to Path
2025-07-03 00:04:39 - RouteDefinition notification-service applying filter {_genkey_0=Access-Control-Allow-Credentials Access-Control-Allow-Origin} to DedupeResponseHeader
2025-07-03 00:04:39 - RouteDefinition matched: notification-service
2025-07-03 00:04:39 - New routes count: 5
2025-07-03 00:05:09 - RouteDefinition book-service applying {_genkey_0=/api/books/**} to Path
2025-07-03 00:05:09 - RouteDefinition book-service applying filter {_genkey_0=Access-Control-Allow-Credentials Access-Control-Allow-Origin} to DedupeResponseHeader
2025-07-03 00:05:09 - RouteDefinition matched: book-service
2025-07-03 00:05:09 - RouteDefinition member-service applying {_genkey_0=/api/members/**} to Path
2025-07-03 00:05:09 - RouteDefinition member-service applying filter {_genkey_0=Access-Control-Allow-Credentials Access-Control-Allow-Origin} to DedupeResponseHeader
2025-07-03 00:05:09 - RouteDefinition matched: member-service
2025-07-03 00:05:09 - RouteDefinition transaction-service applying {_genkey_0=/api/transactions/**} to Path
2025-07-03 00:05:09 - RouteDefinition transaction-service applying filter {_genkey_0=Access-Control-Allow-Credentials Access-Control-Allow-Origin} to DedupeResponseHeader
2025-07-03 00:05:09 - RouteDefinition matched: transaction-service
2025-07-03 00:05:09 - RouteDefinition fine-service applying {_genkey_0=/api/fines/**} to Path
2025-07-03 00:05:09 - RouteDefinition fine-service applying filter {_genkey_0=Access-Control-Allow-Credentials Access-Control-Allow-Origin} to DedupeResponseHeader
2025-07-03 00:05:09 - RouteDefinition matched: fine-service
2025-07-03 00:05:09 - RouteDefinition notification-service applying {_genkey_0=/api/notifications/**} to Path
2025-07-03 00:05:09 - RouteDefinition notification-service applying filter {_genkey_0=Access-Control-Allow-Credentials Access-Control-Allow-Origin} to DedupeResponseHeader
2025-07-03 00:05:09 - RouteDefinition matched: notification-service
2025-07-03 00:05:09 - New routes count: 5
2025-07-03 00:05:40 - RouteDefinition book-service applying {_genkey_0=/api/books/**} to Path
2025-07-03 00:05:40 - RouteDefinition book-service applying filter {_genkey_0=Access-Control-Allow-Credentials Access-Control-Allow-Origin} to DedupeResponseHeader
2025-07-03 00:05:40 - RouteDefinition matched: book-service
2025-07-03 00:05:40 - RouteDefinition member-service applying {_genkey_0=/api/members/**} to Path
2025-07-03 00:05:40 - RouteDefinition member-service applying filter {_genkey_0=Access-Control-Allow-Credentials Access-Control-Allow-Origin} to DedupeResponseHeader
2025-07-03 00:05:40 - RouteDefinition matched: member-service
2025-07-03 00:05:40 - RouteDefinition transaction-service applying {_genkey_0=/api/transactions/**} to Path
2025-07-03 00:05:40 - RouteDefinition transaction-service applying filter {_genkey_0=Access-Control-Allow-Credentials Access-Control-Allow-Origin} to DedupeResponseHeader
2025-07-03 00:05:40 - RouteDefinition matched: transaction-service
2025-07-03 00:05:40 - RouteDefinition fine-service applying {_genkey_0=/api/fines/**} to Path
2025-07-03 00:05:40 - RouteDefinition fine-service applying filter {_genkey_0=Access-Control-Allow-Credentials Access-Control-Allow-Origin} to DedupeResponseHeader
2025-07-03 00:05:40 - RouteDefinition matched: fine-service
2025-07-03 00:05:40 - RouteDefinition notification-service applying {_genkey_0=/api/notifications/**} to Path
2025-07-03 00:05:40 - RouteDefinition notification-service applying filter {_genkey_0=Access-Control-Allow-Credentials Access-Control-Allow-Origin} to DedupeResponseHeader
2025-07-03 00:05:40 - RouteDefinition matched: notification-service
2025-07-03 00:05:40 - New routes count: 5
2025-07-03 00:05:43 - Unregistering application API-GATEWAY with eureka with status DOWN
2025-07-03 00:05:43 - Saw local status change event StatusChangeEvent [timestamp=1751481343429, current=DOWN, previous=UP]
2025-07-03 00:05:43 - DiscoveryClient_API-GATEWAY/192.168.1.101:api-gateway:8080: registering service...
2025-07-03 00:05:43 - DiscoveryClient_API-GATEWAY/192.168.1.101:api-gateway:8080 - registration status: 204
2025-07-03 00:05:45 - Shutting down DiscoveryClient ...
[INFO] ------------------------------------------------------------------------
[INFO] BUILD FAILURE
[INFO] ------------------------------------------------------------------------
[INFO] Total time:  03:43 min
[INFO] Finished at: 2025-07-03T00:05:48+05:30
[INFO] ------------------------------------------------------------------------
[ERROR] Failed to execute goal org.springframework.boot:spring-boot-maven-plugin:3.2.0:run (default-cli) on project api-gateway: Process terminated with exit code: 137 -> [Help 1]
[ERROR] 
[ERROR] To see the full stack trace of the errors, re-run Maven with the -e switch.
[ERROR] Re-run Maven using the -X switch to enable full debug logging.
[ERROR] 
[ERROR] For more information about the errors and possible solutions, please read the following articles:
[ERROR] [Help 1] http://cwiki.apache.org/confluence/display/MAVEN/MojoExecutionException
